[23-Nov-2018 13:13:28 Europe/Amsterdam] (149) compositeMediaResponseid :4366789
[23-Nov-2018 13:13:28 Europe/Amsterdam] (151) file name :6132a133f48a4755a6faaecd40534e41.png
[23-Nov-2018 13:13:28 Europe/Amsterdam] https://api.smake.io/v2/apps/10036/media/4366789/download
[23-Nov-2018 13:13:28 Europe/Amsterdam] (37) uploadresult :
[23-Nov-2018 13:13:28 Europe/Amsterdam] (39) in createVariant :error
[23-Nov-2018 13:59:06 Europe/Amsterdam] (149) compositeMediaResponseid :4366921
[23-Nov-2018 13:59:06 Europe/Amsterdam] (151) file name :3b4ccb1ce08e46e29acdd981071268e0.png
[23-Nov-2018 13:59:06 Europe/Amsterdam] https://api.smake.io/v2/apps/10036/media/4366921/download
[23-Nov-2018 13:59:06 Europe/Amsterdam] (37) uploadresult :
[23-Nov-2018 13:59:06 Europe/Amsterdam] 119) pollResult :202
[23-Nov-2018 13:59:07 Europe/Amsterdam] 119) pollResult :202
[23-Nov-2018 13:59:07 Europe/Amsterdam] 119) pollResult :202
[23-Nov-2018 13:59:07 Europe/Amsterdam] 119) pollResult :200
[23-Nov-2018 13:59:08 Europe/Amsterdam] 119) pollResult :202
[23-Nov-2018 13:59:09 Europe/Amsterdam] 119) pollResult :202
[23-Nov-2018 13:59:09 Europe/Amsterdam] 119) pollResult :200
[23-Nov-2018 13:59:33 Europe/Amsterdam] [{"items":{"variantId":"8","qty":"1"}},{"items":{"variantId":"9","qty":"1"}}]
[23-Nov-2018 21:28:10 Europe/Amsterdam] [{"items":{"variantId":"8","qty":"1"}},{"items":{"variantId":"9","qty":"2"}}]
[23-Nov-2018 21:29:00 Europe/Amsterdam] [{"items":{"variantId":"8","qty":"1"}}]
[23-Nov-2018 21:31:56 Europe/Amsterdam] [{"items":{"variantId":"8","qty":"1"}}]
[23-Nov-2018 21:46:43 Europe/Amsterdam] [{"items":{"variantId":"8","qty":"2"}}]
[30-Nov-2018 04:55:11 Europe/Amsterdam] (37) uploadresult :
[30-Nov-2018 06:12:24 Europe/Amsterdam] (37) uploadresult :
[30-Nov-2018 06:15:31 Europe/Amsterdam] [{"items":{"variantId":"10","qty":"1"}},{"items":{"variantId":"11","qty":"1"}}]
[30-Nov-2018 08:15:12 Europe/Amsterdam] (37) uploadresult :
[09-Jan-2019 11:54:20 Europe/Amsterdam] [{"items":{"variantId":"1","qty":"1"}},{"items":{"variantId":"2","qty":"1"}}]
[10-Jan-2019 13:15:54 Europe/Amsterdam] [{"items":{"variantId":"1","qty":"1"}}]
[10-Jan-2019 13:23:12 Europe/Amsterdam] [{"items":{"variantId":"1","qty":"1"}}]
[10-Jan-2019 13:23:47 Europe/Amsterdam] [{"items":{"variantId":"1","qty":"1"}}]
[10-Jan-2019 13:26:10 Europe/Amsterdam] [{"items":{"variantId":"1","qty":"1"}}]
[10-Jan-2019 13:26:50 Europe/Amsterdam] [{"items":{"variantId":"1","qty":"1"}}]
[14-Jan-2019 08:48:03 Europe/Amsterdam] [{"items":{"variantId":"3","qty":"1"}},{"items":{"variantId":"4","qty":"1"}}]
[05-Feb-2019 15:34:38 Europe/Amsterdam] made it up to here
[05-Feb-2019 15:34:52 Europe/Amsterdam] made it up to here
[05-Feb-2019 21:58:42 Europe/Amsterdam] made it up to here
[05-Feb-2019 22:01:26 Europe/Amsterdam] made it up to here
[05-Feb-2019 22:01:42 Europe/Amsterdam] made it up to here
[05-Feb-2019 22:03:29 Europe/Amsterdam] made it up to here
[05-Feb-2019 22:05:14 Europe/Amsterdam] made it up to here
[10-Feb-2019 13:14:57 Europe/Amsterdam] [{"items":{"variantId":"1","qty":"2"}},{"items":{"variantId":"2","qty":"3"}}]
[10-Feb-2019 13:16:15 Europe/Amsterdam] [{"items":{"variantId":"1","qty":"2"}},{"items":{"variantId":"2","qty":"3"}}]
[10-Feb-2019 13:17:26 Europe/Amsterdam] [{"items":{"variantId":"1","qty":"2"}},{"items":{"variantId":"2","qty":"3"}}]
[10-Feb-2019 13:19:56 Europe/Amsterdam] [{"items":{"variantId":"1","qty":"2"}},{"items":{"variantId":"2","qty":"4"}}]
[10-Feb-2019 13:34:29 Europe/Amsterdam] [{"items":{"variantId":"1","qty":"2"}},{"items":{"variantId":"2","qty":"4"}}]
[10-Feb-2019 13:34:38 Europe/Amsterdam] [{"items":{"variantId":"1","qty":"2"}},{"items":{"variantId":"2","qty":"4"}}]
[10-Feb-2019 14:39:10 Europe/Amsterdam] [{"items":{"variantId":"1","qty":"2"}},{"items":{"variantId":"2","qty":"2"}}]
[10-Feb-2019 14:40:13 Europe/Amsterdam] [{"items":{"variantId":"1","qty":"2"}},{"items":{"variantId":"2","qty":"2"}}]
[10-Feb-2019 14:40:48 Europe/Amsterdam] [{"items":{"variantId":"1","qty":"1"}},{"items":{"variantId":"2","qty":"1"}}]
[10-Feb-2019 16:12:43 Europe/Amsterdam] []
[10-Feb-2019 22:57:56 Europe/Amsterdam] [{"items":{"variantId":"1","qty":"3"}},{"items":{"variantId":"2","qty":"4"}}]
[10-Feb-2019 22:57:56 Europe/Amsterdam] 
[10-Feb-2019 22:59:33 Europe/Amsterdam] [{"items":{"variantId":"1","qty":"1"}},{"items":{"variantId":"2","qty":"2"}}]
[10-Feb-2019 22:59:33 Europe/Amsterdam] 4
